# JRE version: Java(TM) SE Runtime Environment (23.0.2+7) (build 23.0.2+7-58)
# Java VM: Java HotSpot(TM) 64-Bit Server VM (23.0.2+7-58, mixed mode, sharing, tiered, compressed oops, compressed class ptrs, g1 gc, windows-amd64)
GC Precious Log:
 CardTable entry size: 512
 Card Set container configuration: InlinePtr #cards 4 size 8 Array Of Cards #cards 16 size 48 Howl #buckets 8 coarsen threshold 3686 Howl Bitmap #cards 512 size 80 coarsen threshold 460 Card regions per heap region 1 cards per card region 4096
 CPUs: 16 total, 16 available
 Memory: 15776M
 Large Page Support: Disabled
 NUMA Support: Disabled
 Compressed Oops: Enabled (Zero based)
 Heap Region Size: 2M
 Heap Min Capacity: 8M
 Heap Initial Capacity: 248M
 Heap Max Capacity: 3946M
 Pre-touch: Disabled
 Parallel Workers: 13
 Concurrent Workers: 3
 Concurrent Refinement Workers: 13
 Periodic GC: Disabled
Heap:
 garbage-first heap   total reserved 4040704K, committed 368640K, used 147299K [0x0000000709600000, 0x0000000800000000)
  region size 2048K, 8 young (16384K), 6 survivors (12288K)
 Metaspace       used 93922K, committed 94912K, reserved 1179648K
  class space    used 14902K, committed 15296K, reserved 1048576K
GC Heap History (20 events):
Event: 5.981 GC heap before
{Heap before GC invocations=13 (full 0):
 garbage-first heap   total reserved 4040704K, committed 215040K, used 177360K [0x0000000709600000, 0x0000000800000000)
  region size 2048K, 54 young (110592K), 3 survivors (6144K)
 Metaspace       used 46982K, committed 47552K, reserved 1114112K
  class space    used 7434K, committed 7680K, reserved 1048576K
}
Event: 5.994 GC heap after
{Heap after GC invocations=14 (full 0):
 garbage-first heap   total reserved 4040704K, committed 215040K, used 85438K [0x0000000709600000, 0x0000000800000000)
  region size 2048K, 7 young (14336K), 7 survivors (14336K)
 Metaspace       used 46982K, committed 47552K, reserved 1114112K
  class space    used 7434K, committed 7680K, reserved 1048576K
}
Event: 6.150 GC heap before
{Heap before GC invocations=14 (full 0):
 garbage-first heap   total reserved 4040704K, committed 215040K, used 181694K [0x0000000709600000, 0x0000000800000000)
  region size 2048K, 54 young (110592K), 7 survivors (14336K)
 Metaspace       used 47023K, committed 47552K, reserved 1114112K
  class space    used 7439K, committed 7680K, reserved 1048576K
}
Event: 6.161 GC heap after
{Heap after GC invocations=15 (full 0):
 garbage-first heap   total reserved 4040704K, committed 284672K, used 88333K [0x0000000709600000, 0x0000000800000000)
  region size 2048K, 3 young (6144K), 3 survivors (6144K)
 Metaspace       used 47023K, committed 47552K, reserved 1114112K
  class space    used 7439K, committed 7680K, reserved 1048576K
}
Event: 7.094 GC heap before
{Heap before GC invocations=15 (full 0):
 garbage-first heap   total reserved 4040704K, committed 284672K, used 155917K [0x0000000709600000, 0x0000000800000000)
  region size 2048K, 37 young (75776K), 3 survivors (6144K)
 Metaspace       used 60106K, committed 60800K, reserved 1114112K
  class space    used 10130K, committed 10432K, reserved 1048576K
}
Event: 7.106 GC heap after
{Heap after GC invocations=16 (full 0):
 garbage-first heap   total reserved 4040704K, committed 284672K, used 95928K [0x0000000709600000, 0x0000000800000000)
  region size 2048K, 7 young (14336K), 7 survivors (14336K)
 Metaspace       used 60106K, committed 60800K, reserved 1114112K
  class space    used 10130K, committed 10432K, reserved 1048576K
}
Event: 7.846 GC heap before
{Heap before GC invocations=17 (full 0):
 garbage-first heap   total reserved 4040704K, committed 284672K, used 229048K [0x0000000709600000, 0x0000000800000000)
  region size 2048K, 71 young (145408K), 7 survivors (14336K)
 Metaspace       used 67336K, committed 68096K, reserved 1114112K
  class space    used 11124K, committed 11456K, reserved 1048576K
}
Event: 7.856 GC heap after
{Heap after GC invocations=18 (full 0):
 garbage-first heap   total reserved 4040704K, committed 284672K, used 105826K [0x0000000709600000, 0x0000000800000000)
  region size 2048K, 8 young (16384K), 8 survivors (16384K)
 Metaspace       used 67336K, committed 68096K, reserved 1114112K
  class space    used 11124K, committed 11456K, reserved 1048576K
}
Event: 8.338 GC heap before
{Heap before GC invocations=18 (full 0):
 garbage-first heap   total reserved 4040704K, committed 284672K, used 228706K [0x0000000709600000, 0x0000000800000000)
  region size 2048K, 68 young (139264K), 8 survivors (16384K)
 Metaspace       used 70275K, committed 71040K, reserved 1114112K
  class space    used 11718K, committed 12032K, reserved 1048576K
}
Event: 8.351 GC heap after
{Heap after GC invocations=19 (full 0):
 garbage-first heap   total reserved 4040704K, committed 284672K, used 108422K [0x0000000709600000, 0x0000000800000000)
  region size 2048K, 6 young (12288K), 6 survivors (12288K)
 Metaspace       used 70275K, committed 71040K, reserved 1114112K
  class space    used 11718K, committed 12032K, reserved 1048576K
}
Event: 8.649 GC heap before
{Heap before GC invocations=19 (full 0):
 garbage-first heap   total reserved 4040704K, committed 284672K, used 235398K [0x0000000709600000, 0x0000000800000000)
  region size 2048K, 69 young (141312K), 6 survivors (12288K)
 Metaspace       used 72884K, committed 73600K, reserved 1114112K
  class space    used 12180K, committed 12480K, reserved 1048576K
}
Event: 8.656 GC heap after
{Heap after GC invocations=20 (full 0):
 garbage-first heap   total reserved 4040704K, committed 284672K, used 112512K [0x0000000709600000, 0x0000000800000000)
  region size 2048K, 4 young (8192K), 4 survivors (8192K)
 Metaspace       used 72884K, committed 73600K, reserved 1114112K
  class space    used 12180K, committed 12480K, reserved 1048576K
}
Event: 10.345 GC heap before
{Heap before GC invocations=20 (full 0):
 garbage-first heap   total reserved 4040704K, committed 284672K, used 243584K [0x0000000709600000, 0x0000000800000000)
  region size 2048K, 68 young (139264K), 4 survivors (8192K)
 Metaspace       used 87701K, committed 88576K, reserved 1179648K
  class space    used 14084K, committed 14464K, reserved 1048576K
}
Event: 10.352 GC heap after
{Heap after GC invocations=21 (full 0):
 garbage-first heap   total reserved 4040704K, committed 368640K, used 119606K [0x0000000709600000, 0x0000000800000000)
  region size 2048K, 8 young (16384K), 8 survivors (16384K)
 Metaspace       used 87701K, committed 88576K, reserved 1179648K
  class space    used 14084K, committed 14464K, reserved 1048576K
}
Event: 72.500 GC heap before
{Heap before GC invocations=22 (full 0):
 garbage-first heap   total reserved 4040704K, committed 368640K, used 299830K [0x0000000709600000, 0x0000000800000000)
  region size 2048K, 97 young (198656K), 8 survivors (16384K)
 Metaspace       used 93315K, committed 94272K, reserved 1179648K
  class space    used 14879K, committed 15296K, reserved 1048576K
}
Event: 72.508 GC heap after
{Heap after GC invocations=23 (full 0):
 garbage-first heap   total reserved 4040704K, committed 368640K, used 130510K [0x0000000709600000, 0x0000000800000000)
  region size 2048K, 11 young (22528K), 11 survivors (22528K)
 Metaspace       used 93315K, committed 94272K, reserved 1179648K
  class space    used 14879K, committed 15296K, reserved 1048576K
}
Event: 3602.519 GC heap before
{Heap before GC invocations=23 (full 0):
 garbage-first heap   total reserved 4040704K, committed 368640K, used 294350K [0x0000000709600000, 0x0000000800000000)
  region size 2048K, 91 young (186368K), 11 survivors (22528K)
 Metaspace       used 93556K, committed 94592K, reserved 1179648K
  class space    used 14880K, committed 15296K, reserved 1048576K
}
Event: 3602.528 GC heap after
{Heap after GC invocations=24 (full 0):
 garbage-first heap   total reserved 4040704K, committed 368640K, used 129537K [0x0000000709600000, 0x0000000800000000)
  region size 2048K, 6 young (12288K), 6 survivors (12288K)
 Metaspace       used 93556K, committed 94592K, reserved 1179648K
  class space    used 14880K, committed 15296K, reserved 1048576K
}
Event: 3694.899 GC heap before
{Heap before GC invocations=24 (full 0):
 garbage-first heap   total reserved 4040704K, committed 368640K, used 133633K [0x0000000709600000, 0x0000000800000000)
  region size 2048K, 9 young (18432K), 6 survivors (12288K)
 Metaspace       used 93566K, committed 94592K, reserved 1179648K
  class space    used 14882K, committed 15296K, reserved 1048576K
}
Event: 3694.903 GC heap after
{Heap after GC invocations=25 (full 0):
 garbage-first heap   total reserved 4040704K, committed 368640K, used 128867K [0x0000000709600000, 0x0000000800000000)
  region size 2048K, 6 young (12288K), 6 survivors (12288K)
 Metaspace       used 93566K, committed 94592K, reserved 1179648K
  class space    used 14882K, committed 15296K, reserved 1048576K
}

